<?xml version="1.0" encoding="UTF-8"?>
<!-- Generated by org.testng.reporters.JUnitReportReporter -->
<testsuite skipped="0" hostname="LAPTOP-BGDGB5BJ" name="com.commerce.qa.testcases.TC_Homepage" tests="3" failures="0" timestamp="2020-10-04T11:09:31 IST" time="68.548" errors="0">
  <testcase name="Homepagedetails" time="23.613" classname="com.commerce.qa.testcases.TC_Homepage"/>
  <system-out/>
  <testcase name="Endtoendflow" time="29.735" classname="com.commerce.qa.testcases.TC_Homepage"/>
  <system-out/>
  <testcase name="Headerverify" time="15.200" classname="com.commerce.qa.testcases.TC_Homepage"/>
  <system-out/>
</testsuite> <!-- com.commerce.qa.testcases.TC_Homepage -->
