<?xml version="1.0" encoding="UTF-8"?>
<!-- Generated by org.testng.reporters.JUnitReportReporter -->
<testsuite skipped="0" hostname="LAPTOP-BGDGB5BJ" name="com.commerce.qa.testcases.TC_Homepage" tests="3" failures="0" timestamp="2020-09-26T11:32:14 IST" time="60.363" errors="0">
  <testcase name="Homepagedetails" time="17.462" classname="com.commerce.qa.testcases.TC_Homepage"/>
  <system-out/>
  <testcase name="Endtoendflow" time="22.922" classname="com.commerce.qa.testcases.TC_Homepage"/>
  <system-out/>
  <testcase name="Headerverify" time="19.979" classname="com.commerce.qa.testcases.TC_Homepage"/>
  <system-out/>
</testsuite> <!-- com.commerce.qa.testcases.TC_Homepage -->
