<?xml version="1.0" encoding="UTF-8"?>
<!-- Generated by org.testng.reporters.JUnitReportReporter -->
<testsuite skipped="0" hostname="LAPTOP-BGDGB5BJ" name="com.commerce.qa.testcases.Addresspagetest" tests="3" failures="0" timestamp="2020-09-26T11:32:14 IST" time="125.655" errors="0">
  <testcase name="verifyaddress" time="42.405" classname="com.commerce.qa.testcases.Addresspagetest"/>
  <system-out/>
  <testcase name="verifyaddress" time="42.905" classname="com.commerce.qa.testcases.Addresspagetest"/>
  <system-out/>
  <testcase name="verifyaddress" time="40.345" classname="com.commerce.qa.testcases.Addresspagetest"/>
  <system-out/>
</testsuite> <!-- com.commerce.qa.testcases.Addresspagetest -->
