<?xml version="1.0" encoding="UTF-8"?>
<!-- Generated by org.testng.reporters.JUnitReportReporter -->
<testsuite skipped="0" hostname="LAPTOP-BGDGB5BJ" name="com.commerce.qa.testcases.TC_Smoke" tests="1" failures="0" timestamp="2020-10-04T11:09:31 IST" time="54.108" errors="0">
  <testcase name="smoketest" time="54.108" classname="com.commerce.qa.testcases.TC_Smoke"/>
  <system-out/>
</testsuite> <!-- com.commerce.qa.testcases.TC_Smoke -->
