<?xml version="1.0" encoding="UTF-8"?>
<!-- Generated by org.testng.reporters.JUnitReportReporter -->
<testsuite skipped="0" hostname="LAPTOP-BGDGB5BJ" name="com.commerce.qa.testcases.SearchpageTest" tests="1" failures="0" timestamp="2020-09-26T11:32:14 IST" time="10.530" errors="0">
  <testcase name="verifysearchresults" time="10.530" classname="com.commerce.qa.testcases.SearchpageTest"/>
  <system-out/>
</testsuite> <!-- com.commerce.qa.testcases.SearchpageTest -->
