<?xml version="1.0" encoding="UTF-8"?>
<!-- Generated by org.testng.reporters.JUnitReportReporter -->
<testsuite skipped="0" hostname="LAPTOP-BGDGB5BJ" name="com.commerce.qa.testcases.SearchpageTest" tests="1" failures="0" timestamp="2020-10-04T11:09:30 IST" time="14.024" errors="0">
  <testcase name="verifysearchresults" time="14.024" classname="com.commerce.qa.testcases.SearchpageTest"/>
  <system-out/>
</testsuite> <!-- com.commerce.qa.testcases.SearchpageTest -->
