<?xml version="1.0" encoding="UTF-8"?>
<!-- Generated by org.testng.reporters.JUnitReportReporter -->
<testsuite skipped="0" hostname="LAPTOP-BGDGB5BJ" name="com.commerce.qa.testcases.Addresspagetest" tests="3" failures="0" timestamp="2020-10-04T11:09:31 IST" time="155.141" errors="0">
  <testcase name="verifyaddress" time="53.899" classname="com.commerce.qa.testcases.Addresspagetest"/>
  <system-out/>
  <testcase name="verifyaddress" time="56.187" classname="com.commerce.qa.testcases.Addresspagetest"/>
  <system-out/>
  <testcase name="verifyaddress" time="45.055" classname="com.commerce.qa.testcases.Addresspagetest"/>
  <system-out/>
</testsuite> <!-- com.commerce.qa.testcases.Addresspagetest -->
