<?xml version="1.0" encoding="UTF-8"?>
<!-- Generated by org.testng.reporters.JUnitReportReporter -->
<testsuite skipped="0" hostname="LAPTOP-BGDGB5BJ" name="com.commerce.qa.testcases.TC_Smoke" tests="1" failures="0" timestamp="2020-09-26T11:32:14 IST" time="44.199" errors="0">
  <testcase name="smoketest" time="44.199" classname="com.commerce.qa.testcases.TC_Smoke"/>
  <system-out/>
</testsuite> <!-- com.commerce.qa.testcases.TC_Smoke -->
