<?xml version="1.0" encoding="UTF-8"?>
<!-- Generated by org.testng.reporters.JUnitReportReporter -->
<testsuite skipped="0" hostname="LAPTOP-BGDGB5BJ" name="com.commerce.qa.testcases.Logintest" tests="1" failures="0" timestamp="2020-09-26T09:31:01 IST" time="22.529" errors="0">
  <testcase name="Verificationoflogin" time="22.529" classname="com.commerce.qa.testcases.Logintest"/>
  <system-out/>
</testsuite> <!-- com.commerce.qa.testcases.Logintest -->
